Build started 2015-11-02 16:12:42.
     1>Project "C:\Users\Jędrzej\Desktop\Kryptoanaliza\Inzynier\GUI\GUI\GUI\GUI.vcxproj" on node 2 (build target(s)).
     1>InitializeBuildStatus:
         Creating "Debug\GUI.unsuccessfulbuild" because "AlwaysCreate" was specified.
       ClCompile:
         All outputs are up-to-date.
         C:\Program Files (x86)\Microsoft Visual Studio 10.0\VC\bin\CL.exe /c /ZI /nologo /W3 /WX- /Od /Oy- /D WIN32 /D _WINDOWS /D _DEBUG /D _UNICODE /D UNICODE /D _AFXDLL /Gm /EHsc /RTC1 /MDd /GS /fp:precise /Zc:wchar_t /Zc:forScope /Yu"StdAfx.h" /Fp"Debug\GUI.pch" /Fo"Debug\\" /Fd"Debug\vc100.pdb" /Gd /TP /analyze- /errorReport:prompt GUIDlg.cpp
         GUIDlg.cpp
       ResourceCompile:
         All outputs are up-to-date.
       ManifestResourceCompile:
         All outputs are up-to-date.
       Link:
         C:\Program Files (x86)\Microsoft Visual Studio 10.0\VC\bin\link.exe /ERRORREPORT:PROMPT /OUT:"C:\Users\Jędrzej\Desktop\Kryptoanaliza\Inzynier\GUI\GUI\Debug\GUI.exe" /INCREMENTAL /NOLOGO /MANIFEST /ManifestFile:"Debug\GUI.exe.intermediate.manifest" /MANIFESTUAC:"level='asInvoker' uiAccess='false'" /DEBUG /PDB:"C:\Users\Jędrzej\Desktop\Kryptoanaliza\Inzynier\GUI\GUI\Debug\GUI.pdb" /SUBSYSTEM:WINDOWS /TLBID:1 /ENTRY:"wWinMainCRTStartup" /DYNAMICBASE /NXCOMPAT /IMPLIB:"C:\Users\Jędrzej\Desktop\Kryptoanaliza\Inzynier\GUI\GUI\Debug\GUI.lib" /MACHINE:X86 Debug\GUI.res
         Debug\GUI.exe.embed.manifest.res
         Debug\GUI.obj
         Debug\GUIDlg.obj
         Debug\stdafx.obj
       Manifest:
         c:\Program Files (x86)\Microsoft SDKs\Windows\v7.0A\bin\mt.exe /nologo /verbose /out:"Debug\GUI.exe.embed.manifest" /manifest Debug\GUI.exe.intermediate.manifest "C:\Program Files (x86)\Microsoft Visual Studio 10.0\VC\Include\Manifest\dpiaware.manifest"
         All outputs are up-to-date.
       LinkEmbedManifest:
         All outputs are up-to-date.
         GUI.vcxproj -> C:\Users\Jędrzej\Desktop\Kryptoanaliza\Inzynier\GUI\GUI\Debug\GUI.exe
       FinalizeBuildStatus:
         Deleting file "Debug\GUI.unsuccessfulbuild".
         Touching "Debug\GUI.lastbuildstate".
     1>Done Building Project "C:\Users\Jędrzej\Desktop\Kryptoanaliza\Inzynier\GUI\GUI\GUI\GUI.vcxproj" (build target(s)).

Build succeeded.

Time Elapsed 00:00:00.44
